<?xml version="1.0" encoding="UTF-8"?>
<testng-results ignored="0" total="1" passed="1" failed="0" skipped="0">
  <reporter-output>
  </reporter-output>
  <suite started-at="2021-03-23T07:31:32Z" name="Default suite" finished-at="2021-03-23T07:31:33Z" duration-ms="1515">
    <groups>
    </groups>
    <test started-at="2021-03-23T07:31:32Z" name="Default test" finished-at="2021-03-23T07:31:33Z" duration-ms="1515">
      <class name="Ra13">
        <test-method signature="Registration()[pri:0, instance:Ra13@55a147cc]" started-at="2021-03-23T07:31:32Z" name="Registration" finished-at="2021-03-23T07:31:33Z" duration-ms="1500" status="PASS">
          <reporter-output>
          </reporter-output>
        </test-method> <!-- Registration -->
      </class> <!-- Ra13 -->
    </test> <!-- Default test -->
  </suite> <!-- Default suite -->
</testng-results>
